#
# A fatal error has been detected by the Java Runtime Environment:
#
#  EXCEPTION_ACCESS_VIOLATION (0xc0000005) at pc=0x00007ffaaa61f640, pid=1916, tid=12476
#
# JRE version: Java(TM) SE Runtime Environment 18.9 (11.0.8+10) (build 11.0.8+10-LTS)
# Java VM: Java HotSpot(TM) 64-Bit Server VM 18.9 (11.0.8+10-LTS, mixed mode, tiered, compressed oops, parallel gc, windows-amd64)
# Problematic frame:
# V  [jvm.dll+0x7ff640]
#
# No core dump will be written. Minidumps are not enabled by default on client versions of Windows
#
# If you would like to submit a bug report, please visit:
#   https://bugreport.java.com/bugreport/crash.jsp
#

---------------  S U M M A R Y ------------

Command Line: --add-modules=ALL-SYSTEM --add-opens=java.base/java.util=ALL-UNNAMED --add-opens=java.base/java.lang=ALL-UNNAMED -Declipse.application=org.eclipse.jdt.ls.core.id1 -Dosgi.bundles.defaultStartLevel=4 -Declipse.product=org.eclipse.jdt.ls.core.product -Dfile.encoding=utf8 -DwatchParentProcess=false -XX:+UseParallelGC -XX:GCTimeRatio=4 -XX:AdaptiveSizePolicyWeight=90 -Dsun.zip.disableMemoryMapping=true -Xmx1G -Xms100m -javaagent:c:\Users\MarkoMoravcik\.vscode\extensions\gabrielbb.vscode-lombok-1.0.1\server\lombok.jar -Xverify:none c:\Users\MarkoMoravcik\.vscode\extensions\redhat.java-0.67.0\server\plugins\org.eclipse.equinox.launcher_1.5.800.v20200727-1323.jar -configuration c:\Users\MarkoMoravcik\AppData\Roaming\Code\User\globalStorage\redhat.java\0.67.0\config_win -data c:\Users\MarkoMoravcik\AppData\Roaming\Code\User\workspaceStorage\36f059cc36d9d5be9fa595a04c548711\redhat.java\jdt_ws

Host: Intel(R) Core(TM) i7-8565U CPU @ 1.80GHz, 8 cores, 31G,  Windows 10 , 64 bit Build 19041 (10.0.19041.292)
Time: Tue Sep 29 11:56:36 2020 Central Europe Daylight Time elapsed time: 1624 seconds (0d 0h 27m 4s)

---------------  T H R E A D  ---------------

Current thread (0x0000012d6a62e000):  JavaThread "C2 CompilerThread0" daemon [_thread_in_native, id=12476, stack(0x0000002a88800000,0x0000002a88900000)]


Current CompileTask:
C2:1624763 20970 %s!   4       org.eclipse.debug.core.sourcelookup.containers.ExternalArchiveSourceContainer::searchRoots @ 103 (420 bytes)

Stack: [0x0000002a88800000,0x0000002a88900000],  sp=0x0000002a888fb4c8,  free space=1005k
Native frames: (J=compiled Java code, j=interpreted, Vv=VM code, C=native code)
V  [jvm.dll+0x7ff640]


siginfo: EXCEPTION_ACCESS_VIOLATION (0xc0000005), data execution prevention violation at address 0x00007ffaaa61f640


Register to memory mapping:

RIP=0x00007ffaaa61f640 jvm.dll
RAX=0x0000012d6e7e0b00 points into unknown readable memory: 40 f6 61 aa fa 7f 00 00
RBX=0x0000000000000096 is an unknown value
RCX=0x0000012d6ed4ee60 points into unknown readable memory: 00 0b 7e 6e 2d 01 00 00
RDX=0x0000012d6eed6fa8 points into unknown readable memory: 40 f6 61 aa fa 7f 00 00
RSP=0x0000002a888fb4c8 is pointing into the stack for thread: 0x0000012d6a62e000
RBP=0x0 is NULL
RSI=0x0000012d6ed4ee60 points into unknown readable memory: 00 0b 7e 6e 2d 01 00 00
RDI=0x0000012d6f30a9f0 points into unknown readable memory: 00 49 30 6f 2d 01 00 00
R8 =0x0000002a888fc5a0 is pointing into the stack for thread: 0x0000012d6a62e000
R9 =0x0000012d6ed4ee58 points into unknown readable memory: 60 ee d4 6e 2d 01 00 00
R10=0x0 is NULL
R11=0x0000000000000246 is an unknown value
R12=0x0000002a888fb5b0 is pointing into the stack for thread: 0x0000012d6a62e000
R13=0x0 is NULL
R14=0x0000012d69383300 points into unknown readable memory: 00 00 00 00 00 00 00 00
R15=0x0000002a888fb5f8 is pointing into the stack for thread: 0x0000012d6a62e000


Registers:
RAX=0x0000012d6e7e0b00, RBX=0x0000000000000096, RCX=0x0000012d6ed4ee60, RDX=0x0000012d6eed6fa8
RSP=0x0000002a888fb4c8, RBP=0x0000000000000000, RSI=0x0000012d6ed4ee60, RDI=0x0000012d6f30a9f0
R8 =0x0000002a888fc5a0, R9 =0x0000012d6ed4ee58, R10=0x0000000000000000, R11=0x0000000000000246
R12=0x0000002a888fb5b0, R13=0x0000000000000000, R14=0x0000012d69383300, R15=0x0000002a888fb5f8
RIP=0x00007ffaaa61f640, EFLAGS=0x0000000000010293

Top of Stack: (sp=0x0000002a888fb4c8)
0x0000002a888fb4c8:   00007ffaaa3458b8 0000000000000096
0x0000002a888fb4d8:   0000002a888fb670 0000002a888fc5a0
0x0000002a888fb4e8:   0000012d6f1a28e0 0000012d693833f8
0x0000002a888fb4f8:   0000000000000003 0000002a888fb5f8
0x0000002a888fb508:   0000002a888fb5b0 0000012d6f304900
0x0000002a888fb518:   00007ffaaa345801 0000000000000000
0x0000002a888fb528:   0000002a888fb670 0000002a888fc5a0
0x0000002a888fb538:   0000000000000003 0000012d69383300
0x0000002a888fb548:   00007ffaaa648088 0000012d6a5d2ac0
0x0000002a888fb558:   0000012d69383300 0000000000000085
0x0000002a888fb568:   00007ffaaa343a8c 0000002a888fc5a0
0x0000002a888fb578:   0000002a0000052c 0000002a888fc5a0
0x0000002a888fb588:   0000012d6c280af0 0000012d7e034df0
0x0000002a888fb598:   00000000f1000ffe 0000012d6a967d00
0x0000002a888fb5a8:   0000000000008020 00007ffaaa6ab460
0x0000002a888fb5b8:   0000012d6a5d2ac0 0000000000000002 

Instructions: (pc=0x00007ffaaa61f640)
0x00007ffaaa61f620:   00 c2 e2 a9 fa 7f 00 00 20 22 3f aa fa 7f 00 00
0x00007ffaaa61f630:   f0 83 58 aa fa 7f 00 00 30 19 71 aa fa 7f 00 00
0x00007ffaaa61f640:   40 b6 e8 a9 fa 7f 00 00 40 31 e9 a9 fa 7f 00 00
0x00007ffaaa61f650:   90 07 e3 a9 fa 7f 00 00 50 99 e2 a9 fa 7f 00 00 


Stack slot to memory mapping:
stack at sp + 0 slots: 0x00007ffaaa3458b8 jvm.dll
stack at sp + 1 slots: 0x0000000000000096 is an unknown value
stack at sp + 2 slots: 0x0000002a888fb670 is pointing into the stack for thread: 0x0000012d6a62e000
stack at sp + 3 slots: 0x0000002a888fc5a0 is pointing into the stack for thread: 0x0000012d6a62e000
stack at sp + 4 slots: 0x0000012d6f1a28e0 points into unknown readable memory: 00 00 00 00 00 00 00 00
stack at sp + 5 slots: 0x0000012d693833f8 points into unknown readable memory: 00 e0 62 6a 2d 01 00 00
stack at sp + 6 slots: 0x0000000000000003 is an unknown value
stack at sp + 7 slots: 0x0000002a888fb5f8 is pointing into the stack for thread: 0x0000012d6a62e000


---------------  P R O C E S S  ---------------

Threads class SMR info:
_java_thread_list=0x0000012d6e74b780, length=43, elements={
0x0000012d4f57f800, 0x0000012d69378000, 0x0000012d69382000, 0x0000012d6a629800,
0x0000012d6a62c800, 0x0000012d6a62e000, 0x0000012d6a5e0000, 0x0000012d6a5e3000,
0x0000012d6a793800, 0x0000012d6a973800, 0x0000012d6c637000, 0x0000012d6c296800,
0x0000012d6bcce000, 0x0000012d6c028000, 0x0000012d6c6f7800, 0x0000012d6c1e0800,
0x0000012d6c1de800, 0x0000012d6c1df800, 0x0000012d6b816800, 0x0000012d6b812000,
0x0000012d6b817000, 0x0000012d6b815800, 0x0000012d6b814000, 0x0000012d6f3b9000,
0x0000012d6f3b1800, 0x0000012d6f3b7800, 0x0000012d6f3b3800, 0x0000012d6f3b6000,
0x0000012d6f3b8000, 0x0000012d6f3bb800, 0x0000012d6f3bc800, 0x0000012d6f3bf800,
0x0000012d6c1e2000, 0x0000012d6f3ba000, 0x0000012d6f3b6800, 0x0000012d6f3b4000,
0x0000012d6f3bd000, 0x0000012d6f3ba800, 0x0000012d6f3be000, 0x0000012d6b813000,
0x0000012d6b814800, 0x0000012d6b811800, 0x0000012d6c1dc800
}

Java Threads: ( => current thread )
  0x0000012d4f57f800 JavaThread "main" [_thread_blocked, id=23204, stack(0x0000002a88100000,0x0000002a88200000)]
  0x0000012d69378000 JavaThread "Reference Handler" daemon [_thread_blocked, id=11584, stack(0x0000002a88400000,0x0000002a88500000)]
  0x0000012d69382000 JavaThread "Finalizer" daemon [_thread_blocked, id=18504, stack(0x0000002a88500000,0x0000002a88600000)]
  0x0000012d6a629800 JavaThread "Signal Dispatcher" daemon [_thread_blocked, id=21576, stack(0x0000002a88600000,0x0000002a88700000)]
  0x0000012d6a62c800 JavaThread "Attach Listener" daemon [_thread_blocked, id=4468, stack(0x0000002a88700000,0x0000002a88800000)]
=>0x0000012d6a62e000 JavaThread "C2 CompilerThread0" daemon [_thread_in_native, id=12476, stack(0x0000002a88800000,0x0000002a88900000)]
  0x0000012d6a5e0000 JavaThread "C1 CompilerThread0" daemon [_thread_blocked, id=15980, stack(0x0000002a88900000,0x0000002a88a00000)]
  0x0000012d6a5e3000 JavaThread "Sweeper thread" daemon [_thread_blocked, id=22532, stack(0x0000002a88a00000,0x0000002a88b00000)]
  0x0000012d6a793800 JavaThread "Common-Cleaner" daemon [_thread_blocked, id=20280, stack(0x0000002a88b00000,0x0000002a88c00000)]
  0x0000012d6a973800 JavaThread "Service Thread" daemon [_thread_blocked, id=8880, stack(0x0000002a88c00000,0x0000002a88d00000)]
  0x0000012d6c637000 JavaThread "Active Thread: Equinox Container: 916b52d8-c55e-41f6-bfbe-5718e120a2b7" [_thread_blocked, id=20104, stack(0x0000002a89100000,0x0000002a89200000)]
  0x0000012d6c296800 JavaThread "Framework Event Dispatcher: Equinox Container: 916b52d8-c55e-41f6-bfbe-5718e120a2b7" daemon [_thread_blocked, id=6676, stack(0x0000002a89200000,0x0000002a89300000)]
  0x0000012d6bcce000 JavaThread "Start Level: Equinox Container: 916b52d8-c55e-41f6-bfbe-5718e120a2b7" daemon [_thread_blocked, id=19684, stack(0x0000002a89300000,0x0000002a89400000)]
  0x0000012d6c028000 JavaThread "SCR Component Actor" daemon [_thread_blocked, id=15580, stack(0x0000002a89400000,0x0000002a89500000)]
  0x0000012d6c6f7800 JavaThread "Worker-JM" [_thread_blocked, id=19612, stack(0x0000002a89700000,0x0000002a89800000)]
  0x0000012d6c1e0800 JavaThread "Java indexing" daemon [_thread_blocked, id=4992, stack(0x0000002a88f00000,0x0000002a89000000)]
  0x0000012d6c1de800 JavaThread "Bundle File Closer" daemon [_thread_blocked, id=20888, stack(0x0000002a89000000,0x0000002a89100000)]
  0x0000012d6c1df800 JavaThread "pool-1-thread-1" [_thread_in_native, id=4372, stack(0x0000002a8a100000,0x0000002a8a200000)]
  0x0000012d6b816800 JavaThread "ForkJoinPool.commonPool-worker-13" daemon [_thread_blocked, id=10788, stack(0x0000002a8ab00000,0x0000002a8ac00000)]
  0x0000012d6b812000 JavaThread "Java Debug Server" daemon [_thread_in_native, id=868, stack(0x0000002a8a200000,0x0000002a8a300000)]
  0x0000012d6b817000 JavaThread "RxSchedulerPurge-1" daemon [_thread_blocked, id=11912, stack(0x0000002a8ac00000,0x0000002a8ad00000)]
  0x0000012d6b815800 JavaThread "RxCachedWorkerPoolEvictor-1" daemon [_thread_blocked, id=15052, stack(0x0000002a8ad00000,0x0000002a8ae00000)]
  0x0000012d6b814000 JavaThread "ForkJoinPool.commonPool-worker-15" daemon [_thread_blocked, id=21440, stack(0x0000002a87e00000,0x0000002a87f00000)]
  0x0000012d6f3b9000 JavaThread "Worker-11" [_thread_blocked, id=20308, stack(0x0000002a8a000000,0x0000002a8a100000)]
  0x0000012d6f3b1800 JavaThread "Worker-15" [_thread_blocked, id=5196, stack(0x0000002a8a300000,0x0000002a8a400000)]
  0x0000012d6f3b7800 JavaThread "ForkJoinPool.commonPool-worker-3" daemon [_thread_blocked, id=2776, stack(0x0000002a89a00000,0x0000002a89b00000)]
  0x0000012d6f3b3800 JavaThread "ForkJoinPool.commonPool-worker-5" daemon [_thread_blocked, id=5724, stack(0x0000002a89b00000,0x0000002a89c00000)]
  0x0000012d6f3b6000 JavaThread "ForkJoinPool.commonPool-worker-7" daemon [_thread_blocked, id=21104, stack(0x0000002a89c00000,0x0000002a89d00000)]
  0x0000012d6f3b8000 JavaThread "Worker-17" [_thread_blocked, id=14672, stack(0x0000002a89f00000,0x0000002a8a000000)]
  0x0000012d6f3bb800 JavaThread "ForkJoinPool.commonPool-worker-9" daemon [_thread_blocked, id=22080, stack(0x0000002a8a700000,0x0000002a8a800000)]
  0x0000012d6f3bc800 JavaThread "ForkJoinPool.commonPool-worker-11" daemon [_thread_blocked, id=20980, stack(0x0000002a8a800000,0x0000002a8a900000)]
  0x0000012d6f3bf800 JavaThread "Worker-18" [_thread_blocked, id=1424, stack(0x0000002a8a900000,0x0000002a8aa00000)]
  0x0000012d6c1e2000 JavaThread "Worker-19" [_thread_blocked, id=8624, stack(0x0000002a87f00000,0x0000002a88000000)]
  0x0000012d6f3ba000 JavaThread "pool-43-thread-1" [_thread_blocked, id=4796, stack(0x0000002a8a400000,0x0000002a8a500000)]
  0x0000012d6f3b6800 JavaThread "pool-44-thread-1" [_thread_blocked, id=18152, stack(0x0000002a8a500000,0x0000002a8a600000)]
  0x0000012d6f3b4000 JavaThread "pool-45-thread-1" [_thread_blocked, id=10172, stack(0x0000002a8a600000,0x0000002a8a700000)]
  0x0000012d6f3bd000 JavaThread "pool-46-thread-1" [_thread_blocked, id=19176, stack(0x0000002a8aa00000,0x0000002a8ab00000)]
  0x0000012d6f3ba800 JavaThread "Worker-20" [_thread_blocked, id=7648, stack(0x0000002a88000000,0x0000002a88100000)]
  0x0000012d6f3be000 JavaThread "pool-2-thread-9" [_thread_in_native, id=4300, stack(0x0000002a8ae00000,0x0000002a8af00000)]
  0x0000012d6b813000 JavaThread "RxNewThreadScheduler-33" daemon [_thread_blocked, id=2308, stack(0x0000002a8af00000,0x0000002a8b000000)]
  0x0000012d6b814800 JavaThread "Packet Receive Manager" daemon [_thread_in_native, id=4640, stack(0x0000002a8b000000,0x0000002a8b100000)]
  0x0000012d6b811800 JavaThread "Packet Send Manager" daemon [_thread_blocked, id=19440, stack(0x0000002a8b200000,0x0000002a8b300000)]
  0x0000012d6c1dc800 JavaThread "Event Hub" daemon [_thread_blocked, id=5304, stack(0x0000002a8b100000,0x0000002a8b200000)]

Other Threads:
  0x0000012d69250800 VMThread "VM Thread" [stack: 0x0000002a88300000,0x0000002a88400000] [id=21224]
  0x0000012d6a977000 WatcherThread [stack: 0x0000002a88d00000,0x0000002a88e00000] [id=8552]
  0x0000012d4f595000 GCTaskThread "ParGC Thread#0" [stack: 0x0000002a88200000,0x0000002a88300000] [id=6240]
  0x0000012d6b9b9800 GCTaskThread "ParGC Thread#1" [stack: 0x0000002a88e00000,0x0000002a88f00000] [id=3504]
  0x0000012d6bcfa000 GCTaskThread "ParGC Thread#2" [stack: 0x0000002a89500000,0x0000002a89600000] [id=10708]
  0x0000012d6bcfa800 GCTaskThread "ParGC Thread#3" [stack: 0x0000002a89600000,0x0000002a89700000] [id=20344]
  0x0000012d6c699000 GCTaskThread "ParGC Thread#4" [stack: 0x0000002a89800000,0x0000002a89900000] [id=15852]
  0x0000012d6c697000 GCTaskThread "ParGC Thread#5" [stack: 0x0000002a89900000,0x0000002a89a00000] [id=1136]
  0x0000012d6c5e2000 GCTaskThread "ParGC Thread#6" [stack: 0x0000002a89d00000,0x0000002a89e00000] [id=508]
  0x0000012d6c647000 GCTaskThread "ParGC Thread#7" [stack: 0x0000002a89e00000,0x0000002a89f00000] [id=20268]

Threads with active compile tasks:
C2 CompilerThread01624777 20970 %s!   4       org.eclipse.debug.core.sourcelookup.containers.ExternalArchiveSourceContainer::searchRoots @ 103 (420 bytes)

VM state:not at safepoint (normal execution)

VM Mutex/Monitor currently owned by a thread: None

Heap address: 0x00000000c0000000, size: 1024 MB, Compressed Oops mode: 32-bit
Narrow klass base: 0x0000000000000000, Narrow klass shift: 3
Compressed class space size: 1073741824 Address: 0x0000000100000000

Heap:
 PSYoungGen      total 5632K, used 4314K [0x00000000eab00000, 0x00000000eb580000, 0x0000000100000000)
  eden space 5120K, 74% used [0x00000000eab00000,0x00000000eaeb6a38,0x00000000eb000000)
  from space 512K, 100% used [0x00000000eb500000,0x00000000eb580000,0x00000000eb580000)
  to   space 1024K, 0% used [0x00000000eb380000,0x00000000eb380000,0x00000000eb480000)
 ParOldGen       total 141312K, used 133063K [0x00000000c0000000, 0x00000000c8a00000, 0x00000000eab00000)
  object space 141312K, 94% used [0x00000000c0000000,0x00000000c81f1fb8,0x00000000c8a00000)
 Metaspace       used 89285K, capacity 93225K, committed 93528K, reserved 1132544K
  class space    used 8302K, capacity 9718K, committed 9816K, reserved 1048576K

Card table byte_map: [0x0000012d4ef60000,0x0000012d4f170000] _byte_map_base: 0x0000012d4e960000

Marking Bits: (ParMarkBitMap*) 0x00007ffaaa84e2a0
 Begin Bits: [0x0000012d66990000, 0x0000012d67990000)
 End Bits:   [0x0000012d67990000, 0x0000012d68990000)

Polling page: 0x0000012d4d3a0000

Metaspace:

Usage:
  Non-class:     81.55 MB capacity,    79.09 MB ( 97%) used,     2.27 MB (  3%) free+waste,   201.88 KB ( <1%) overhead. 
      Class:      9.49 MB capacity,     8.11 MB ( 85%) used,     1.30 MB ( 14%) free+waste,    84.75 KB ( <1%) overhead. 
       Both:     91.04 MB capacity,    87.19 MB ( 96%) used,     3.57 MB (  4%) free+waste,   286.63 KB ( <1%) overhead. 

Virtual space:
  Non-class space:       82.00 MB reserved,      81.75 MB (>99%) committed 
      Class space:        1.00 GB reserved,       9.59 MB ( <1%) committed 
             Both:        1.08 GB reserved,      91.34 MB (  8%) committed 

Chunk freelists:
   Non-Class:  9.63 KB
       Class:  9.25 KB
        Both:  18.88 KB

CodeHeap 'non-profiled nmethods': size=120000Kb used=15705Kb max_used=15705Kb free=104294Kb
 bounds [0x0000012d5f460000, 0x0000012d603c0000, 0x0000012d66990000]
CodeHeap 'profiled nmethods': size=120000Kb used=38146Kb max_used=38438Kb free=81853Kb
 bounds [0x0000012d57f30000, 0x0000012d5a510000, 0x0000012d5f460000]
CodeHeap 'non-nmethods': size=5760Kb used=1344Kb max_used=1420Kb free=4415Kb
 bounds [0x0000012d57990000, 0x0000012d57c00000, 0x0000012d57f30000]
 total_blobs=16572 nmethods=15809 adapters=670
 compilation: enabled
              stopped_count=0, restarted_count=0
 full_count=0

Compilation events (10 events):
Event: 1624.696 Thread 0x0000012d6a5e0000 20966       3       io.reactivex.internal.schedulers.NewThreadWorker::schedule (21 bytes)
Event: 1624.697 Thread 0x0000012d6a5e0000 nmethod 20966 0x0000012d5958b210 code [0x0000012d5958b3c0, 0x0000012d5958b630]
Event: 1624.697 Thread 0x0000012d6a5e0000 20967       3       java.util.concurrent.ScheduledThreadPoolExecutor$ScheduledFutureTask::<init> (32 bytes)
Event: 1624.697 Thread 0x0000012d6a5e0000 nmethod 20967 0x0000012d5981d890 code [0x0000012d5981da60, 0x0000012d5981de10]
Event: 1624.737 Thread 0x0000012d6a5e0000 20968       1       io.reactivex.internal.observers.BasicFuseableObserver::beforeDownstream (2 bytes)
Event: 1624.737 Thread 0x0000012d6a5e0000 nmethod 20968 0x0000012d603b5990 code [0x0000012d603b5b20, 0x0000012d603b5c38]
Event: 1624.745 Thread 0x0000012d6a62e000 nmethod 20951 0x0000012d603b5c90 code [0x0000012d603b60c0, 0x0000012d603b8e50]
Event: 1624.747 Thread 0x0000012d6a5e0000 20969   !   3       org.eclipse.debug.internal.core.sourcelookup.SourceLookupUtils::getZipFile (89 bytes)
Event: 1624.747 Thread 0x0000012d6a62e000 20970 %s!   4       org.eclipse.debug.core.sourcelookup.containers.ExternalArchiveSourceContainer::searchRoots @ 103 (420 bytes)
Event: 1624.748 Thread 0x0000012d6a5e0000 nmethod 20969 0x0000012d59a7ee90 code [0x0000012d59a7f1a0, 0x0000012d59a803e0]

GC Heap History (10 events):
Event: 1624.306 GC heap before
{Heap before GC invocations=2091 (full 49):
 PSYoungGen      total 5632K, used 4351K [0x00000000eab00000, 0x00000000eb580000, 0x0000000100000000)
  eden space 5120K, 81% used [0x00000000eab00000,0x00000000eaf11320,0x00000000eb000000)
  from space 512K, 36% used [0x00000000eb480000,0x00000000eb4ae900,0x00000000eb500000)
  to   space 512K, 0% used [0x00000000eb500000,0x00000000eb500000,0x00000000eb580000)
 ParOldGen       total 141312K, used 132835K [0x00000000c0000000, 0x00000000c8a00000, 0x00000000eab00000)
  object space 141312K, 94% used [0x00000000c0000000,0x00000000c81b8f48,0x00000000c8a00000)
 Metaspace       used 89271K, capacity 93225K, committed 93528K, reserved 1132544K
  class space    used 8302K, capacity 9718K, committed 9816K, reserved 1048576K
}
Event: 1624.307 GC heap after
{Heap after GC invocations=2091 (full 49):
 PSYoungGen      total 5632K, used 346K [0x00000000eab00000, 0x00000000eb580000, 0x0000000100000000)
  eden space 5120K, 0% used [0x00000000eab00000,0x00000000eab00000,0x00000000eb000000)
  from space 512K, 67% used [0x00000000eb500000,0x00000000eb556900,0x00000000eb580000)
  to   space 512K, 0% used [0x00000000eb480000,0x00000000eb480000,0x00000000eb500000)
 ParOldGen       total 141312K, used 132851K [0x00000000c0000000, 0x00000000c8a00000, 0x00000000eab00000)
  object space 141312K, 94% used [0x00000000c0000000,0x00000000c81bcf48,0x00000000c8a00000)
 Metaspace       used 89271K, capacity 93225K, committed 93528K, reserved 1132544K
  class space    used 8302K, capacity 9718K, committed 9816K, reserved 1048576K
}
Event: 1624.315 GC heap before
{Heap before GC invocations=2092 (full 49):
 PSYoungGen      total 5632K, used 5406K [0x00000000eab00000, 0x00000000eb580000, 0x0000000100000000)
  eden space 5120K, 98% used [0x00000000eab00000,0x00000000eaff1040,0x00000000eb000000)
  from space 512K, 67% used [0x00000000eb500000,0x00000000eb556900,0x00000000eb580000)
  to   space 512K, 0% used [0x00000000eb480000,0x00000000eb480000,0x00000000eb500000)
 ParOldGen       total 141312K, used 132851K [0x00000000c0000000, 0x00000000c8a00000, 0x00000000eab00000)
  object space 141312K, 94% used [0x00000000c0000000,0x00000000c81bcf48,0x00000000c8a00000)
 Metaspace       used 89271K, capacity 93225K, committed 93528K, reserved 1132544K
  class space    used 8302K, capacity 9718K, committed 9816K, reserved 1048576K
}
Event: 1624.316 GC heap after
{Heap after GC invocations=2092 (full 49):
 PSYoungGen      total 5632K, used 224K [0x00000000eab00000, 0x00000000eb580000, 0x0000000100000000)
  eden space 5120K, 0% used [0x00000000eab00000,0x00000000eab00000,0x00000000eb000000)
  from space 512K, 43% used [0x00000000eb480000,0x00000000eb4b8000,0x00000000eb500000)
  to   space 512K, 0% used [0x00000000eb500000,0x00000000eb500000,0x00000000eb580000)
 ParOldGen       total 141312K, used 132923K [0x00000000c0000000, 0x00000000c8a00000, 0x00000000eab00000)
  object space 141312K, 94% used [0x00000000c0000000,0x00000000c81cef48,0x00000000c8a00000)
 Metaspace       used 89271K, capacity 93225K, committed 93528K, reserved 1132544K
  class space    used 8302K, capacity 9718K, committed 9816K, reserved 1048576K
}
Event: 1624.324 GC heap before
{Heap before GC invocations=2093 (full 49):
 PSYoungGen      total 5632K, used 5198K [0x00000000eab00000, 0x00000000eb580000, 0x0000000100000000)
  eden space 5120K, 97% used [0x00000000eab00000,0x00000000eafdba00,0x00000000eb000000)
  from space 512K, 43% used [0x00000000eb480000,0x00000000eb4b8000,0x00000000eb500000)
  to   space 512K, 0% used [0x00000000eb500000,0x00000000eb500000,0x00000000eb580000)
 ParOldGen       total 141312K, used 132923K [0x00000000c0000000, 0x00000000c8a00000, 0x00000000eab00000)
  object space 141312K, 94% used [0x00000000c0000000,0x00000000c81cef48,0x00000000c8a00000)
 Metaspace       used 89271K, capacity 93225K, committed 93528K, reserved 1132544K
  class space    used 8302K, capacity 9718K, committed 9816K, reserved 1048576K
}
Event: 1624.325 GC heap after
{Heap after GC invocations=2093 (full 49):
 PSYoungGen      total 5632K, used 244K [0x00000000eab00000, 0x00000000eb580000, 0x0000000100000000)
  eden space 5120K, 0% used [0x00000000eab00000,0x00000000eab00000,0x00000000eb000000)
  from space 512K, 47% used [0x00000000eb500000,0x00000000eb53d200,0x00000000eb580000)
  to   space 512K, 0% used [0x00000000eb480000,0x00000000eb480000,0x00000000eb500000)
 ParOldGen       total 141312K, used 132947K [0x00000000c0000000, 0x00000000c8a00000, 0x00000000eab00000)
  object space 141312K, 94% used [0x00000000c0000000,0x00000000c81d4f48,0x00000000c8a00000)
 Metaspace       used 89271K, capacity 93225K, committed 93528K, reserved 1132544K
  class space    used 8302K, capacity 9718K, committed 9816K, reserved 1048576K
}
Event: 1624.638 GC heap before
{Heap before GC invocations=2094 (full 49):
 PSYoungGen      total 5632K, used 5364K [0x00000000eab00000, 0x00000000eb580000, 0x0000000100000000)
  eden space 5120K, 100% used [0x00000000eab00000,0x00000000eb000000,0x00000000eb000000)
  from space 512K, 47% used [0x00000000eb500000,0x00000000eb53d200,0x00000000eb580000)
  to   space 512K, 0% used [0x00000000eb480000,0x00000000eb480000,0x00000000eb500000)
 ParOldGen       total 141312K, used 132947K [0x00000000c0000000, 0x00000000c8a00000, 0x00000000eab00000)
  object space 141312K, 94% used [0x00000000c0000000,0x00000000c81d4f48,0x00000000c8a00000)
 Metaspace       used 89271K, capacity 93225K, committed 93528K, reserved 1132544K
  class space    used 8302K, capacity 9718K, committed 9816K, reserved 1048576K
}
Event: 1624.662 GC heap after
{Heap after GC invocations=2094 (full 49):
 PSYoungGen      total 5632K, used 64K [0x00000000eab00000, 0x00000000eb580000, 0x0000000100000000)
  eden space 5120K, 0% used [0x00000000eab00000,0x00000000eab00000,0x00000000eb000000)
  from space 512K, 12% used [0x00000000eb480000,0x00000000eb490000,0x00000000eb500000)
  to   space 512K, 0% used [0x00000000eb500000,0x00000000eb500000,0x00000000eb580000)
 ParOldGen       total 141312K, used 132959K [0x00000000c0000000, 0x00000000c8a00000, 0x00000000eab00000)
  object space 141312K, 94% used [0x00000000c0000000,0x00000000c81d7f98,0x00000000c8a00000)
 Metaspace       used 89271K, capacity 93225K, committed 93528K, reserved 1132544K
  class space    used 8302K, capacity 9718K, committed 9816K, reserved 1048576K
}
Event: 1624.672 GC heap before
{Heap before GC invocations=2095 (full 49):
 PSYoungGen      total 5632K, used 5184K [0x00000000eab00000, 0x00000000eb580000, 0x0000000100000000)
  eden space 5120K, 100% used [0x00000000eab00000,0x00000000eb000000,0x00000000eb000000)
  from space 512K, 12% used [0x00000000eb480000,0x00000000eb490000,0x00000000eb500000)
  to   space 512K, 0% used [0x00000000eb500000,0x00000000eb500000,0x00000000eb580000)
 ParOldGen       total 141312K, used 132959K [0x00000000c0000000, 0x00000000c8a00000, 0x00000000eab00000)
  object space 141312K, 94% used [0x00000000c0000000,0x00000000c81d7f98,0x00000000c8a00000)
 Metaspace       used 89277K, capacity 93225K, committed 93528K, reserved 1132544K
  class space    used 8302K, capacity 9718K, committed 9816K, reserved 1048576K
}
Event: 1624.673 GC heap after
{Heap after GC invocations=2095 (full 49):
 PSYoungGen      total 5632K, used 512K [0x00000000eab00000, 0x00000000eb580000, 0x0000000100000000)
  eden space 5120K, 0% used [0x00000000eab00000,0x00000000eab00000,0x00000000eb000000)
  from space 512K, 100% used [0x00000000eb500000,0x00000000eb580000,0x00000000eb580000)
  to   space 1024K, 0% used [0x00000000eb380000,0x00000000eb380000,0x00000000eb480000)
 ParOldGen       total 141312K, used 133063K [0x00000000c0000000, 0x00000000c8a00000, 0x00000000eab00000)
  object space 141312K, 94% used [0x00000000c0000000,0x00000000c81f1fb8,0x00000000c8a00000)
 Metaspace       used 89277K, capacity 93225K, committed 93528K, reserved 1132544K
  class space    used 8302K, capacity 9718K, committed 9816K, reserved 1048576K
}

Deoptimization events (10 events):
Event: 1610.078 Thread 0x0000012d6f3b7800 Uncommon trap: reason=bimorphic_or_optimized_type_check action=maybe_recompile pc=0x0000012d5fca6540 method=org.eclipse.jdt.internal.compiler.ast.ASTNode.resolvePolyExpressionArguments(Lorg/eclipse/jdt/internal/compiler/ast/Invocation;Lorg/eclipse/jdt/int
Event: 1610.078 Thread 0x0000012d6f3b7800 Uncommon trap: reason=bimorphic_or_optimized_type_check action=maybe_recompile pc=0x0000012d5fe2f8ac method=org.eclipse.jdt.internal.compiler.ast.ASTNode.checkInvocationArgument(Lorg/eclipse/jdt/internal/compiler/lookup/BlockScope;Lorg/eclipse/jdt/interna
Event: 1610.448 Thread 0x0000012d6f3b1800 Uncommon trap: reason=class_check action=maybe_recompile pc=0x0000012d5fe4f50c method=org.eclipse.jdt.internal.compiler.lookup.BoundSet.reduceOneConstraint(Lorg/eclipse/jdt/internal/compiler/lookup/InferenceContext18;Lorg/eclipse/jdt/internal/compiler/loo
Event: 1610.448 Thread 0x0000012d6f3b1800 Uncommon trap: reason=bimorphic_or_optimized_type_check action=maybe_recompile pc=0x0000012d5fca6540 method=org.eclipse.jdt.internal.compiler.ast.ASTNode.resolvePolyExpressionArguments(Lorg/eclipse/jdt/internal/compiler/ast/Invocation;Lorg/eclipse/jdt/int
Event: 1610.448 Thread 0x0000012d6f3b1800 Uncommon trap: reason=bimorphic_or_optimized_type_check action=maybe_recompile pc=0x0000012d5fe2f8ac method=org.eclipse.jdt.internal.compiler.ast.ASTNode.checkInvocationArgument(Lorg/eclipse/jdt/internal/compiler/lookup/BlockScope;Lorg/eclipse/jdt/interna
Event: 1610.450 Thread 0x0000012d6f3b1800 Uncommon trap: reason=bimorphic_or_optimized_type_check action=maybe_recompile pc=0x0000012d5fca6540 method=org.eclipse.jdt.internal.compiler.ast.ASTNode.resolvePolyExpressionArguments(Lorg/eclipse/jdt/internal/compiler/ast/Invocation;Lorg/eclipse/jdt/int
Event: 1610.450 Thread 0x0000012d6f3b1800 Uncommon trap: reason=bimorphic_or_optimized_type_check action=maybe_recompile pc=0x0000012d5fe2f8ac method=org.eclipse.jdt.internal.compiler.ast.ASTNode.checkInvocationArgument(Lorg/eclipse/jdt/internal/compiler/lookup/BlockScope;Lorg/eclipse/jdt/interna
Event: 1610.452 Thread 0x0000012d6f3b1800 Uncommon trap: reason=bimorphic_or_optimized_type_check action=maybe_recompile pc=0x0000012d5fca6540 method=org.eclipse.jdt.internal.compiler.ast.ASTNode.resolvePolyExpressionArguments(Lorg/eclipse/jdt/internal/compiler/ast/Invocation;Lorg/eclipse/jdt/int
Event: 1610.452 Thread 0x0000012d6f3b1800 Uncommon trap: reason=bimorphic_or_optimized_type_check action=maybe_recompile pc=0x0000012d5fe2f8ac method=org.eclipse.jdt.internal.compiler.ast.ASTNode.checkInvocationArgument(Lorg/eclipse/jdt/internal/compiler/lookup/BlockScope;Lorg/eclipse/jdt/interna
Event: 1614.126 Thread 0x0000012d6b814000 Uncommon trap: reason=unstable_if action=reinterpret pc=0x0000012d5f594718 method=java.lang.ref.SoftReference.get()Ljava/lang/Object; @ 6 c2

Classes redefined (0 events):
No events

Internal exceptions (10 events):
Event: 1623.930 Thread 0x0000012d6b814000 Exception <a 'java/lang/ClassNotFoundException'{0x00000000ead53630}: sun/net/www/protocol/jdt/Handler> (0x00000000ead53630) thrown at [./open/src/hotspot/share/classfile/systemDictionary.cpp, line 228]
Event: 1623.930 Thread 0x0000012d6b814000 Exception <a 'java/lang/ClassNotFoundException'{0x00000000ead560a0}: sun/net/www/protocol/jdt/Handler> (0x00000000ead560a0) thrown at [./open/src/hotspot/share/classfile/systemDictionary.cpp, line 228]
Event: 1623.930 Thread 0x0000012d6b814000 Exception <a 'java/lang/ClassNotFoundException'{0x00000000ead588c0}: sun/net/www/protocol/jdt/Handler> (0x00000000ead588c0) thrown at [./open/src/hotspot/share/classfile/systemDictionary.cpp, line 228]
Event: 1624.329 Thread 0x0000012d6b814000 Exception <a 'java/lang/ClassNotFoundException'{0x00000000ead4e250}: sun/net/www/protocol/jdt/Handler> (0x00000000ead4e250) thrown at [./open/src/hotspot/share/classfile/systemDictionary.cpp, line 228]
Event: 1624.329 Thread 0x0000012d6b814000 Exception <a 'java/lang/ClassNotFoundException'{0x00000000ead50ca0}: sun/net/www/protocol/jdt/Handler> (0x00000000ead50ca0) thrown at [./open/src/hotspot/share/classfile/systemDictionary.cpp, line 228]
Event: 1624.329 Thread 0x0000012d6b814000 Exception <a 'java/lang/ClassNotFoundException'{0x00000000ead53570}: sun/net/www/protocol/jdt/Handler> (0x00000000ead53570) thrown at [./open/src/hotspot/share/classfile/systemDictionary.cpp, line 228]
Event: 1624.329 Thread 0x0000012d6b814000 Exception <a 'java/lang/ClassNotFoundException'{0x00000000ead55d90}: sun/net/www/protocol/jdt/Handler> (0x00000000ead55d90) thrown at [./open/src/hotspot/share/classfile/systemDictionary.cpp, line 228]
Event: 1624.329 Thread 0x0000012d6b814000 Exception <a 'java/lang/ClassNotFoundException'{0x00000000ead588d8}: sun/net/www/protocol/jdt/Handler> (0x00000000ead588d8) thrown at [./open/src/hotspot/share/classfile/systemDictionary.cpp, line 228]
Event: 1624.747 Thread 0x0000012d6b813000 Exception <a 'sun/nio/fs/WindowsException'{0x00000000eae94f18}> (0x00000000eae94f18) thrown at [./open/src/hotspot/share/prims/jni.cpp, line 611]
Event: 1624.748 Thread 0x0000012d6b813000 Exception <a 'sun/nio/fs/WindowsException'{0x00000000eae98428}> (0x00000000eae98428) thrown at [./open/src/hotspot/share/prims/jni.cpp, line 611]

Events (10 events):
Event: 1624.736 Executing VM operation: RevokeBias
Event: 1624.736 Executing VM operation: RevokeBias done
Event: 1624.738 Executing VM operation: RevokeBias
Event: 1624.738 Executing VM operation: RevokeBias done
Event: 1624.746 Executing VM operation: RevokeBias
Event: 1624.746 Executing VM operation: RevokeBias done
Event: 1624.746 Executing VM operation: RevokeBias
Event: 1624.746 Executing VM operation: RevokeBias done
Event: 1624.746 Executing VM operation: RevokeBias
Event: 1624.746 Executing VM operation: RevokeBias done


Dynamic libraries:
0x00007ff779880000 - 0x00007ff77988f000 	C:\Users\MarkoMoravcik\vuejs\jdk-11.0.8\bin\java.exe
0x00007ffb1b430000 - 0x00007ffb1b625000 	C:\WINDOWS\SYSTEM32\ntdll.dll
0x00007ffb1b150000 - 0x00007ffb1b20d000 	C:\WINDOWS\System32\KERNEL32.DLL
0x00007ffb191c0000 - 0x00007ffb19487000 	C:\WINDOWS\System32\KERNELBASE.dll
0x00007ffb18cd0000 - 0x00007ffb18dd0000 	C:\WINDOWS\System32\ucrtbase.dll
0x00007ffaf8a40000 - 0x00007ffaf8a58000 	C:\Users\MarkoMoravcik\vuejs\jdk-11.0.8\bin\jli.dll
0x00007ffb1a950000 - 0x00007ffb1a9fa000 	C:\WINDOWS\System32\ADVAPI32.dll
0x00007ffaf8a20000 - 0x00007ffaf8a35000 	C:\Users\MarkoMoravcik\vuejs\jdk-11.0.8\bin\VCRUNTIME140.dll
0x00007ffb1a4f0000 - 0x00007ffb1a58e000 	C:\WINDOWS\System32\msvcrt.dll
0x00007ffb19d10000 - 0x00007ffb19dab000 	C:\WINDOWS\System32\sechost.dll
0x00007ffb1a3c0000 - 0x00007ffb1a4e4000 	C:\WINDOWS\System32\RPCRT4.dll
0x00007ffb1a6d0000 - 0x00007ffb1a870000 	C:\WINDOWS\System32\USER32.dll
0x00007ffb045c0000 - 0x00007ffb0485b000 	C:\WINDOWS\WinSxS\amd64_microsoft.windows.common-controls_6595b64144ccf1df_6.0.19041.488_none_ca04af081b815d21\COMCTL32.dll
0x00007ffb19190000 - 0x00007ffb191b2000 	C:\WINDOWS\System32\win32u.dll
0x00007ffb1b220000 - 0x00007ffb1b24a000 	C:\WINDOWS\System32\GDI32.dll
0x00007ffb18bc0000 - 0x00007ffb18cc9000 	C:\WINDOWS\System32\gdi32full.dll
0x00007ffb19040000 - 0x00007ffb190dd000 	C:\WINDOWS\System32\msvcp_win.dll
0x00007ffb0a270000 - 0x00007ffb0a27a000 	C:\WINDOWS\SYSTEM32\VERSION.dll
0x00007ffb1b2e0000 - 0x00007ffb1b310000 	C:\WINDOWS\System32\IMM32.DLL
0x00007ffaee3c0000 - 0x00007ffaee45b000 	C:\Users\MarkoMoravcik\vuejs\jdk-11.0.8\bin\msvcp140.dll
0x00007ffaa9e20000 - 0x00007ffaaa906000 	C:\Users\MarkoMoravcik\vuejs\jdk-11.0.8\bin\server\jvm.dll
0x00007ffb1b210000 - 0x00007ffb1b218000 	C:\WINDOWS\System32\PSAPI.DLL
0x00007ffaf6270000 - 0x00007ffaf6279000 	C:\WINDOWS\SYSTEM32\WSOCK32.dll
0x00007ffb1b270000 - 0x00007ffb1b2db000 	C:\WINDOWS\System32\WS2_32.dll
0x00007ffb04a10000 - 0x00007ffb04a37000 	C:\WINDOWS\SYSTEM32\WINMM.dll
0x00007ffb16990000 - 0x00007ffb169a3000 	C:\WINDOWS\SYSTEM32\kernel.appcore.dll
0x00007ffb14710000 - 0x00007ffb14720000 	C:\Users\MarkoMoravcik\vuejs\jdk-11.0.8\bin\verify.dll
0x00007ffb0ea00000 - 0x00007ffb0ebe4000 	C:\WINDOWS\SYSTEM32\DBGHELP.DLL
0x00007ffb01a90000 - 0x00007ffb01abc000 	C:\WINDOWS\SYSTEM32\dbgcore.DLL
0x00007ffb18dd0000 - 0x00007ffb18e4f000 	C:\WINDOWS\System32\bcryptPrimitives.dll
0x00007ffaf88a0000 - 0x00007ffaf88c8000 	C:\Users\MarkoMoravcik\vuejs\jdk-11.0.8\bin\java.dll
0x00007ffb145d0000 - 0x00007ffb145da000 	C:\Users\MarkoMoravcik\vuejs\jdk-11.0.8\bin\jimage.dll
0x00007ffb14520000 - 0x00007ffb1452e000 	C:\Users\MarkoMoravcik\vuejs\jdk-11.0.8\bin\instrument.dll
0x00007ffaf8950000 - 0x00007ffaf8966000 	C:\Users\MarkoMoravcik\vuejs\jdk-11.0.8\bin\zip.dll
0x00007ffb1aa00000 - 0x00007ffb1b141000 	C:\WINDOWS\System32\SHELL32.dll
0x00007ffb16b90000 - 0x00007ffb17323000 	C:\WINDOWS\SYSTEM32\windows.storage.dll
0x00007ffb1a060000 - 0x00007ffb1a3b5000 	C:\WINDOWS\System32\combase.dll
0x00007ffb184a0000 - 0x00007ffb184cc000 	C:\WINDOWS\SYSTEM32\Wldp.dll
0x00007ffb19e70000 - 0x00007ffb19f1e000 	C:\WINDOWS\System32\SHCORE.dll
0x00007ffb1a870000 - 0x00007ffb1a8c5000 	C:\WINDOWS\System32\shlwapi.dll
0x00007ffb18aa0000 - 0x00007ffb18ac6000 	C:\WINDOWS\SYSTEM32\profapi.dll
0x00007ffaf51f0000 - 0x00007ffaf5209000 	C:\Users\MarkoMoravcik\vuejs\jdk-11.0.8\bin\net.dll
0x00007ffb17be0000 - 0x00007ffb17ce0000 	C:\WINDOWS\SYSTEM32\WINHTTP.dll
0x00007ffb18290000 - 0x00007ffb182fa000 	C:\WINDOWS\system32\mswsock.dll
0x00007ffaf50e0000 - 0x00007ffaf50f2000 	C:\Users\MarkoMoravcik\vuejs\jdk-11.0.8\bin\nio.dll
0x00007ffb184e0000 - 0x00007ffb184f8000 	C:\WINDOWS\SYSTEM32\CRYPTSP.dll
0x00007ffb17b40000 - 0x00007ffb17b74000 	C:\WINDOWS\system32\rsaenh.dll
0x00007ffb18eb0000 - 0x00007ffb18ed7000 	C:\WINDOWS\System32\bcrypt.dll
0x00007ffb18a20000 - 0x00007ffb18a4e000 	C:\WINDOWS\SYSTEM32\USERENV.dll
0x00007ffb18410000 - 0x00007ffb1841c000 	C:\WINDOWS\SYSTEM32\CRYPTBASE.dll
0x00007ffb17fa0000 - 0x00007ffb17fdb000 	C:\WINDOWS\SYSTEM32\IPHLPAPI.DLL
0x00007ffb1b310000 - 0x00007ffb1b319000 	C:\WINDOWS\System32\NSI.dll
0x00007ffb0ed90000 - 0x00007ffb0eda7000 	C:\WINDOWS\SYSTEM32\dhcpcsvc6.DLL
0x00007ffb0ec60000 - 0x00007ffb0ec7d000 	C:\WINDOWS\SYSTEM32\dhcpcsvc.DLL
0x00007ffb17fe0000 - 0x00007ffb180ab000 	C:\WINDOWS\SYSTEM32\DNSAPI.dll
0x00007ffaf3fb0000 - 0x00007ffaf3fda000 	C:\Users\MarkoMoravcik\AppData\Roaming\Code\User\globalStorage\redhat.java\0.67.0\config_win\org.eclipse.equinox.launcher\org.eclipse.equinox.launcher.win32.win32.x86_64_1.1.1300.v20200819-0940\eclipse_11100.dll
0x00007ffaf3f90000 - 0x00007ffaf3fa1000 	C:\Users\MarkoMoravcik\AppData\Roaming\Code\User\globalStorage\redhat.java\0.67.0\config_win\org.eclipse.osgi\21\0\.cp\jWinHttp-1.0.0.dll
0x00007ffb19a30000 - 0x00007ffb19b59000 	C:\WINDOWS\System32\ole32.dll
0x00007ffb11f20000 - 0x00007ffb11f2d000 	C:\Users\MarkoMoravcik\vuejs\jdk-11.0.8\bin\sunmscapi.dll
0x00007ffb18ee0000 - 0x00007ffb1903d000 	C:\WINDOWS\System32\CRYPT32.dll
0x00007ffb185e0000 - 0x00007ffb18607000 	C:\WINDOWS\SYSTEM32\ncrypt.dll
0x00007ffb185a0000 - 0x00007ffb185db000 	C:\WINDOWS\SYSTEM32\NTASN1.dll
0x00007ffaf1200000 - 0x00007ffaf1225000 	C:\Users\MarkoMoravcik\vuejs\jdk-11.0.8\bin\sunec.dll
0x00007ffb0a0a0000 - 0x00007ffb0a0aa000 	C:\Windows\System32\rasadhlp.dll
0x00007ffb11120000 - 0x00007ffb1119f000 	C:\WINDOWS\System32\fwpuclnt.dll

dbghelp: loaded successfully - version: 4.0.5 - missing functions: none
symbol engine: initialized successfully - sym options: 0x614 - pdb path: .;C:\Users\MarkoMoravcik\vuejs\jdk-11.0.8\bin;C:\WINDOWS\SYSTEM32;C:\WINDOWS\WinSxS\amd64_microsoft.windows.common-controls_6595b64144ccf1df_6.0.19041.488_none_ca04af081b815d21;C:\Users\MarkoMoravcik\vuejs\jdk-11.0.8\bin\server;C:\Users\MarkoMoravcik\AppData\Roaming\Code\User\globalStorage\redhat.java\0.67.0\config_win\org.eclipse.equinox.launcher\org.eclipse.equinox.launcher.win32.win32.x86_64_1.1.1300.v20200819-0940;C:\Users\MarkoMoravcik\AppData\Roaming\Code\User\globalStorage\redhat.java\0.67.0\config_win\org.eclipse.osgi\21\0\.cp

VM Arguments:
jvm_args: --add-modules=ALL-SYSTEM --add-opens=java.base/java.util=ALL-UNNAMED --add-opens=java.base/java.lang=ALL-UNNAMED -Declipse.application=org.eclipse.jdt.ls.core.id1 -Dosgi.bundles.defaultStartLevel=4 -Declipse.product=org.eclipse.jdt.ls.core.product -Dfile.encoding=utf8 -DwatchParentProcess=false -XX:+UseParallelGC -XX:GCTimeRatio=4 -XX:AdaptiveSizePolicyWeight=90 -Dsun.zip.disableMemoryMapping=true -Xmx1G -Xms100m -javaagent:c:\Users\MarkoMoravcik\.vscode\extensions\gabrielbb.vscode-lombok-1.0.1\server\lombok.jar -Xverify:none 
java_command: c:\Users\MarkoMoravcik\.vscode\extensions\redhat.java-0.67.0\server\plugins\org.eclipse.equinox.launcher_1.5.800.v20200727-1323.jar -configuration c:\Users\MarkoMoravcik\AppData\Roaming\Code\User\globalStorage\redhat.java\0.67.0\config_win -data c:\Users\MarkoMoravcik\AppData\Roaming\Code\User\workspaceStorage\36f059cc36d9d5be9fa595a04c548711\redhat.java\jdt_ws
java_class_path (initial): c:\Users\MarkoMoravcik\.vscode\extensions\redhat.java-0.67.0\server\plugins\org.eclipse.equinox.launcher_1.5.800.v20200727-1323.jar
Launcher Type: SUN_STANDARD

[Global flags]
    uintx AdaptiveSizePolicyWeight                 = 90                                        {product} {command line}
     bool BytecodeVerificationLocal                = false                                     {product} {command line}
     bool BytecodeVerificationRemote               = false                                     {product} {command line}
     intx CICompilerCount                          = 4                                         {product} {ergonomic}
    uintx GCTimeRatio                              = 4                                         {product} {command line}
   size_t InitialHeapSize                          = 104857600                                 {product} {command line}
   size_t MaxHeapSize                              = 1073741824                                {product} {command line}
   size_t MaxNewSize                               = 357564416                                 {product} {ergonomic}
   size_t MinHeapDeltaBytes                        = 524288                                    {product} {ergonomic}
   size_t NewSize                                  = 34603008                                  {product} {ergonomic}
    uintx NonNMethodCodeHeapSize                   = 5836300                                {pd product} {ergonomic}
    uintx NonProfiledCodeHeapSize                  = 122910970                              {pd product} {ergonomic}
   size_t OldSize                                  = 70254592                                  {product} {ergonomic}
    uintx ProfiledCodeHeapSize                     = 122910970                              {pd product} {ergonomic}
    uintx ReservedCodeCacheSize                    = 251658240                              {pd product} {ergonomic}
     bool SegmentedCodeCache                       = true                                      {product} {ergonomic}
     bool UseCompressedClassPointers               = true                                 {lp64_product} {ergonomic}
     bool UseCompressedOops                        = true                                 {lp64_product} {ergonomic}
     bool UseLargePagesIndividualAllocation        = false                                  {pd product} {ergonomic}
     bool UseParallelGC                            = true                                      {product} {command line}

Logging:
Log output configuration:
 #0: stdout all=warning uptime,level,tags
 #1: stderr all=off uptime,level,tags

Environment Variables:
JAVA_HOME=C:\Users\MarkoMoravcik\eclipse\java-1.8.0-openjdk-1.8.0.222-4.b10.redhat.windows.x86_64
PATH=C:\ProgramData\DockerDesktop\version-bin;C:\Program Files\Docker\Docker\Resources\bin;C:\WINDOWS\system32;C:\WINDOWS;C:\WINDOWS\System32\Wbem;C:\WINDOWS\System32\WindowsPowerShell\v1.0\;C:\WINDOWS\System32\OpenSSH\;C:\Program Files\Git\cmd;C:\Users\MarkoMoravcik\eclipse\apache-maven-3.6.2\bin;C:\Program Files\nodejs\;C:\Program Files\Intel\WiFi\bin\;C:\Program Files\Common Files\Intel\WirelessCommon\;C:\Program Files (x86)\NVIDIA Corporation\PhysX\Common;C:\Program Files\PostgreSQL\12\bin;;%SystemRoot%\system32;%SystemRoot%;%SystemRoot%\System32\Wbem;%SYSTEMROOT%\System32\WindowsPowerShell\v1.0\;%SYSTEMROOT%\System32\OpenSSH\;C:\Users\MarkoMoravcik\AppData\Local\Microsoft\WindowsApps;C:\Users\MarkoMoravcik\AppData\Local\Programs\Microsoft VS Code\bin;C:\Users\MarkoMoravcik\AppData\Roaming\npm;C:\Program Files\heroku\bin;C:\Program Files\PostgreSQL\12\bin;
USERNAME=MarkoMoravcik
OS=Windows_NT
PROCESSOR_IDENTIFIER=Intel64 Family 6 Model 142 Stepping 12, GenuineIntel



---------------  S Y S T E M  ---------------

OS: Windows 10 , 64 bit Build 19041 (10.0.19041.292)
HyperV virtualization detected

CPU:total 8 (initial active 8) (4 cores per cpu, 2 threads per core) family 6 model 142 stepping 12, cmov, cx8, fxsr, mmx, sse, sse2, sse3, ssse3, sse4.1, sse4.2, popcnt, avx, avx2, aes, clmul, erms, 3dnowpref, lzcnt, ht, tsc, tscinvbit, bmi1, bmi2, adx, fma

Memory: 4k page, system-wide physical 32515M (15359M free)
TotalPageFile size 37379M (AvailPageFile size 13416M)
current process WorkingSet (physical memory assigned to process): 425M, peak: 426M
current process commit charge ("private bytes"): 461M, peak: 466M

vm_info: Java HotSpot(TM) 64-Bit Server VM (11.0.8+10-LTS) for windows-amd64 JRE (11.0.8+10-LTS), built on Jun 16 2020 05:53:08 by "mach5one" with unknown MS VC++:1916

END.
